2023-05-12 15:18:11,643 [INFO] MainUpdater:2854 - connection check result : 10
2023-05-12 15:18:11,662 [INFO] MainUpdater:2854 - connection check result : 10
2023-05-12 15:18:11,749 [INFO] MicroXplorer:468 - Change Database Path : 
2023-05-12 15:18:11,749 [INFO] MicroXplorer:498 - Change Database Version : DB.6.0.81
2023-05-12 15:18:11,773 [WARN] ThirdParty:871 - waiting for thirdparty lock release [close project]
2023-05-12 15:18:11,773 [INFO] ThirdParty:873 - entering critical section [close project]
2023-05-12 15:18:11,773 [INFO] ThirdParty:883 - exiting critical section [close project]
2023-05-12 15:18:11,777 [INFO] PinOutPanel:1499 - setPackage(No Configuration,No Configuration)
2023-05-12 15:18:11,786 [WARN] IpParametersView:150 - Warning: This peripheral hasn't parameters
2023-05-12 15:18:11,794 [WARN] MainPanel:257 - <html><b><center>Warning: This peripheral has no parameters to be configured<br></b></html>
2023-05-12 15:18:11,794 [INFO] UtilMem:75 - Begin LoadConfig() Used Memory: 653092720 Bytes (833617920)
2023-05-12 15:18:35,284 [INFO] MicroXplorer:468 - Change Database Path : 
2023-05-12 15:18:35,284 [INFO] MicroXplorer:498 - Change Database Version : DB.6.0.81
2023-05-12 15:18:35,284 [INFO] OpenFileManager:308 - Change cursor
2023-05-12 15:18:35,314 [INFO] RulesReader:64 - Compatibility file has been processed (293 Rules)
2023-05-12 15:18:35,322 [INFO] Mcu:1937 - Initializing MCU STM32F407V(E-G)Tx STM32F407VGTx 
2023-05-12 15:18:35,326 [INFO] Mcu:1950 - No CPN specified => set CPN to STM32F407VGT6
2023-05-12 15:18:37,356 [INFO] Context:659 - Trying to add GPIOservice into a context  which must be forbidden
2023-05-12 15:18:38,293 [INFO] Rule:228 - rule 117617 - U5Cobra4M][GTZC] default value MPCBB3 and MPCBB5 - Not Secured memory - MPCBB1 is applicable
2023-05-12 15:18:38,293 [INFO] Rule:228 - rule 117617 - U5Cobra4M][GTZC] default value MPCBB3 and MPCBB5 - Not Secured memory - MPCBB1 is applicable
2023-05-12 15:18:38,293 [INFO] Rule:228 - rule 117617 - U5Cobra4M][GTZC] default value MPCBB3 and MPCBB5 - Not Secured memory - MPCBB2 is applicable
2023-05-12 15:18:38,293 [INFO] Rule:228 - rule 117617 - U5Cobra4M][GTZC] default value MPCBB3 and MPCBB5 - Not Secured memory - MPCBB2 is applicable
2023-05-12 15:18:38,293 [INFO] Rule:228 - rule 117617 - U5Cobra4M][GTZC] default value MPCBB3 and MPCBB5 - Not Secured memory - MPCBB3 is applicable
2023-05-12 15:18:38,293 [INFO] Rule:228 - rule 117617 - U5Cobra4M][GTZC] default value MPCBB3 and MPCBB5 - Not Secured memory - MPCBB3 is applicable
2023-05-12 15:18:38,293 [INFO] Rule:228 - rule 117617 - U5Cobra4M][GTZC] default value MPCBB3 and MPCBB5 - Not Secured memory - MPCBB4 is applicable
2023-05-12 15:18:38,293 [INFO] Rule:228 - rule 117617 - U5Cobra4M][GTZC] default value MPCBB3 and MPCBB5 - Not Secured memory - MPCBB4 is applicable
2023-05-12 15:18:38,293 [INFO] Rule:228 - rule 117617 - U5Cobra4M][GTZC] default value MPCBB3 and MPCBB5 - Secured memory - MPCBB1 is applicable
2023-05-12 15:18:38,293 [INFO] Rule:228 - rule 117617 - U5Cobra4M][GTZC] default value MPCBB3 and MPCBB5 - Secured memory - MPCBB2 is applicable
2023-05-12 15:18:38,293 [INFO] Rule:228 - rule 117617 - U5Cobra4M][GTZC] default value MPCBB3 and MPCBB5 - Secured memory - MPCBB3 is applicable
2023-05-12 15:18:38,293 [INFO] Rule:228 - rule 117617 - U5Cobra4M][GTZC] default value MPCBB3 and MPCBB5 - Secured memory - MPCBB4 is applicable
2023-05-12 15:18:38,293 [INFO] Rule:228 - rule 117617 - U5Cobra4M][GTZC] default value MPCBB3 and MPCBB5 - Privileged memory - MPCBB1 is applicable
2023-05-12 15:18:38,293 [INFO] Rule:228 - rule 117617 - U5Cobra4M][GTZC] default value MPCBB3 and MPCBB5 - Privileged memory - MPCBB2 is applicable
2023-05-12 15:18:38,293 [INFO] Rule:228 - rule 117617 - U5Cobra4M][GTZC] default value MPCBB3 and MPCBB5 - Privileged memory - MPCBB3 is applicable
2023-05-12 15:18:38,293 [INFO] Rule:228 - rule 117617 - U5Cobra4M][GTZC] default value MPCBB3 and MPCBB5 - Privileged memory - MPCBB4 is applicable
2023-05-12 15:18:38,293 [INFO] Rule:228 - rule 117617 - U5Cobra4M][GTZC] default value MPCBB3 and MPCBB5 - Not Privileged memory - MPCBB1 is applicable
2023-05-12 15:18:38,293 [INFO] Rule:228 - rule 117617 - U5Cobra4M][GTZC] default value MPCBB3 and MPCBB5 - Not Privileged memory - MPCBB2 is applicable
2023-05-12 15:18:38,293 [INFO] Rule:228 - rule 117617 - U5Cobra4M][GTZC] default value MPCBB3 and MPCBB5 - Not Privileged memory - MPCBB3 is applicable
2023-05-12 15:18:38,293 [INFO] Rule:228 - rule 117617 - U5Cobra4M][GTZC] default value MPCBB3 and MPCBB5 - Not Privileged memory - MPCBB4 is applicable
2023-05-12 15:18:38,293 [INFO] Rule:228 - rule 117617 - U5Cobra4M][GTZC] default value MPCBB3 and MPCBB5 - Privileged memory - MPCBB1 is applicable
2023-05-12 15:18:38,293 [INFO] Rule:228 - rule 117617 - U5Cobra4M][GTZC] default value MPCBB3 and MPCBB5 - Privileged memory - MPCBB2 is applicable
2023-05-12 15:18:38,293 [INFO] Rule:228 - rule 117617 - U5Cobra4M][GTZC] default value MPCBB3 and MPCBB5 - Privileged memory - MPCBB3 is applicable
2023-05-12 15:18:38,293 [INFO] Rule:228 - rule 117617 - U5Cobra4M][GTZC] default value MPCBB3 and MPCBB5 - Privileged memory - MPCBB4 is applicable
2023-05-12 15:18:38,293 [INFO] Rule:228 - rule 117617 - U5Cobra4M][GTZC] default value MPCBB3 and MPCBB5 - Privileged memory - MPCBB1 is applicable
2023-05-12 15:18:38,293 [INFO] Rule:228 - rule 117617 - U5Cobra4M][GTZC] default value MPCBB3 and MPCBB5 - Privileged memory - MPCBB2 is applicable
2023-05-12 15:18:38,293 [INFO] Rule:228 - rule 117617 - U5Cobra4M][GTZC] default value MPCBB3 and MPCBB5 - Privileged memory - MPCBB3 is applicable
2023-05-12 15:18:38,293 [INFO] Rule:228 - rule 117617 - U5Cobra4M][GTZC] default value MPCBB3 and MPCBB5 - Privileged memory - MPCBB4 is applicable
2023-05-12 15:18:38,293 [INFO] Rule:228 - rule 117617 - U5Cobra4M][GTZC] default value MPCBB3 and MPCBB5 - Not Privileged memory - MPCBB1 is applicable
2023-05-12 15:18:38,293 [INFO] Rule:228 - rule 117617 - U5Cobra4M][GTZC] default value MPCBB3 and MPCBB5 - Not Privileged memory - MPCBB2 is applicable
2023-05-12 15:18:38,293 [INFO] Rule:228 - rule 117617 - U5Cobra4M][GTZC] default value MPCBB3 and MPCBB5 - Not Privileged memory - MPCBB3 is applicable
2023-05-12 15:18:38,293 [INFO] Rule:228 - rule 117617 - U5Cobra4M][GTZC] default value MPCBB3 and MPCBB5 - Not Privileged memory - MPCBB4 is applicable
2023-05-12 15:18:38,293 [INFO] Rule:228 - rule 117617 - U5Cobra4M][GTZC] default value MPCBB3 and MPCBB5 - Privileged memory - MPCBB1 is applicable
2023-05-12 15:18:38,297 [INFO] Rule:228 - rule 117617 - U5Cobra4M][GTZC] default value MPCBB3 and MPCBB5 - Privileged memory - MPCBB2 is applicable
2023-05-12 15:18:38,297 [INFO] Rule:228 - rule 117617 - U5Cobra4M][GTZC] default value MPCBB3 and MPCBB5 - Privileged memory - MPCBB3 is applicable
2023-05-12 15:18:38,297 [INFO] Rule:228 - rule 117617 - U5Cobra4M][GTZC] default value MPCBB3 and MPCBB5 - Privileged memory - MPCBB4 is applicable
2023-05-12 15:18:38,297 [INFO] Rule:228 - rule Rename SubGHz_Phy SUBGHZ_APPLICATION SUBGHZ_PINGPONG to SUBGHZ_ADV_APPLICATION is applicable
2023-05-12 15:18:38,297 [INFO] Rule:228 - rule Rename Enabled to IBEACON is applicable
2023-05-12 15:18:38,297 [INFO] Rule:228 - rule GTZC_S instance for project manager is applicable
2023-05-12 15:18:38,297 [INFO] Rule:228 - rule GTZC_S instance for context M33S is applicable
2023-05-12 15:18:38,297 [INFO] Rule:228 - rule GTZC_S instance value for IP GTZC is applicable
2023-05-12 15:18:38,297 [INFO] Rule:228 - rule GTZC_S instance for mcu.IP is applicable
2023-05-12 15:18:38,297 [INFO] Rule:228 - rule GTZC_S instance for VP is applicable
2023-05-12 15:18:38,297 [INFO] Rule:228 - rule GTZC_S instance for signal is applicable
2023-05-12 15:18:38,297 [INFO] Rule:228 - rule GTZC_S instance for mcu.Pin is applicable
2023-05-12 15:18:38,297 [INFO] Rule:228 - rule GTZC_S instance for VP is applicable
2023-05-12 15:18:38,297 [INFO] Rule:228 - rule GTZC_S instance for signal is applicable
2023-05-12 15:18:38,297 [INFO] Rule:228 - rule GTZC_S instance for mcu is applicable
2023-05-12 15:18:38,297 [INFO] Rule:228 - rule GTZC_S instance for mcu.Pin is applicable
2023-05-12 15:18:38,297 [INFO] Rule:228 - rule GTZC_S instance value for IP GTZC is applicable
2023-05-12 15:18:38,297 [INFO] Rule:228 - rule GTZC_S instance for project manager is applicable
2023-05-12 15:18:38,297 [INFO] Rule:228 - rule GTZC_S instance for context M33S is applicable
2023-05-12 15:18:38,297 [INFO] Rule:228 - rule GTZC_S instance for VP is applicable
2023-05-12 15:18:38,297 [INFO] Rule:228 - rule GTZC_S instance for signal is applicable
2023-05-12 15:18:38,297 [INFO] Rule:228 - rule WakeUp0 Mode is applicable
2023-05-12 15:18:38,297 [INFO] Rule:228 - rule WakeUp0 SIGNAL is applicable
2023-05-12 15:18:38,297 [INFO] Rule:228 - rule WakeUp1 Mode is applicable
2023-05-12 15:18:38,297 [INFO] Rule:228 - rule WakeUp1 SIGNAL is applicable
2023-05-12 15:18:38,297 [INFO] Rule:228 - rule WakeUp2 Mode is applicable
2023-05-12 15:18:38,297 [INFO] Rule:228 - rule WakeUp2 SIGNAL is applicable
2023-05-12 15:18:38,297 [INFO] Rule:228 - rule WakeUp4 Mode is applicable
2023-05-12 15:18:38,297 [INFO] Rule:228 - rule WakeUp4 SIGNAL is applicable
2023-05-12 15:18:38,297 [INFO] Rule:228 - rule WakeUp5 Mode is applicable
2023-05-12 15:18:38,297 [INFO] Rule:228 - rule WakeUp5 SIGNAL is applicable
2023-05-12 15:18:38,297 [INFO] Rule:228 - rule Change Default Value for LSE Drive Capability for WB family is applicable
2023-05-12 15:18:38,297 [INFO] Rule:228 - rule Change Default Value for ADC Clock Prescaler G0 family is applicable
2023-05-12 15:18:38,297 [INFO] Rule:228 - rule Change Default Value for PLL1UserDefinedConfig is applicable
2023-05-12 15:18:38,297 [INFO] Rule:228 - rule OPAMP is applicable
2023-05-12 15:18:38,297 [INFO] Rule:228 - rule LPUART IPParameter rename Prescaler parameter to ClockPrescaler for STM32H7 is applicable
2023-05-12 15:18:38,297 [INFO] Rule:228 - rule LPUART IPParameter rename Prescaler parameter to ClockPrescaler for STM32H7 is applicable
2023-05-12 15:18:38,301 [INFO] Rule:228 - rule LPUART IPParameter rename Prescaler parameter to ClockPrescaler for STM32WB is applicable
2023-05-12 15:18:38,301 [INFO] Rule:228 - rule LPUART IPParameter rename Prescaler parameter to ClockPrescaler for STM32WB is applicable
2023-05-12 15:18:38,301 [INFO] Rule:228 - rule LPUART IPParameter rename Prescaler parameter to ClockPrescaler for STM32G4 is applicable
2023-05-12 15:18:38,301 [INFO] Rule:228 - rule LPUART IPParameter rename Prescaler parameter to ClockPrescaler for STM32G4 is applicable
2023-05-12 15:18:38,301 [INFO] Rule:228 - rule LPUART IPParameter rename Prescaler parameter to ClockPrescaler for STM32L5 is applicable
2023-05-12 15:18:38,301 [INFO] Rule:228 - rule LPUART IPParameter rename Prescaler parameter to ClockPrescaler for STM32L5 is applicable
2023-05-12 15:18:38,301 [INFO] Rule:228 - rule LPUART IPParameter rename Prescaler parameter to ClockPrescaler for STM32G4 is applicable
2023-05-12 15:18:38,301 [INFO] Rule:228 - rule LPUART IPParameter rename Prescaler parameter to ClockPrescaler for STM32G4 is applicable
2023-05-12 15:18:38,301 [INFO] Rule:228 - rule USB device lib V2.5.3 for L0 rename USBD_SUPPORT_USER_STRING parameter to USBD_SUPPORT_USER_STRING_DESC4 is applicable
2023-05-12 15:18:38,301 [INFO] Rule:228 - rule I2SCLockSelection clock entry align is applicable
2023-05-12 15:18:38,301 [INFO] Rule:228 - rule Assign TIMx context if used as SYS timebase is applicable
2023-05-12 15:18:38,301 [INFO] Rule:228 - rule Change GPIO_Pu Default Value for I2C is applicable
2023-05-12 15:18:38,301 [INFO] Rule:228 - rule Change GPIO_Pu Default Value for SMBus is applicable
2023-05-12 15:18:38,301 [INFO] Rule:228 - rule change FDCAN default value is applicable
2023-05-12 15:18:38,313 [INFO] DbConfProperties:307 - Apply Compatibility (3/84 Rules)
2023-05-12 15:18:38,481 [INFO] RtosManager:555 - Registered RTOS mode: class=CMSIS, group=RTOS, mode=CMSIS_V1, owner=FREERTOS
2023-05-12 15:18:38,481 [INFO] RtosManager:555 - Registered RTOS mode: class=CMSIS, group=RTOS2, mode=CMSIS_V2, owner=FREERTOS
2023-05-12 15:18:38,481 [INFO] RtosManager:555 - Registered RTOS mode: class=RTOS, group=Core, mode=CMSIS_V1, owner=FREERTOS
2023-05-12 15:18:38,481 [INFO] RtosManager:555 - Registered RTOS mode: class=RTOS, group=Core, mode=CMSIS_V2, owner=FREERTOS
2023-05-12 15:18:38,481 [WARN] ModelIntegratedComponent:184 - Missing modes for component STMicroelectronics:FreeRTOS:0.0.1:STMicroelectronics:RTOS:FreeRTOS:Core:::10.2.0:
2023-05-12 15:18:38,493 [WARN] ModelIntegratedComponent:63 - No mode defined for component null
2023-05-12 15:18:38,493 [WARN] ModelIntegratedComponent:63 - No mode defined for component null
2023-05-12 15:18:38,493 [WARN] ModelIntegratedComponent:63 - No mode defined for component null
2023-05-12 15:18:38,493 [WARN] ModelIntegratedComponent:63 - No mode defined for component null
2023-05-12 15:18:38,493 [WARN] ModelIntegratedComponent:63 - No mode defined for component null
2023-05-12 15:18:38,493 [WARN] ModelIntegratedComponent:63 - No mode defined for component null
2023-05-12 15:18:38,493 [WARN] ModelIntegratedComponent:63 - No mode defined for component null
2023-05-12 15:18:38,493 [WARN] ModelIntegratedComponent:63 - No mode defined for component null
2023-05-12 15:18:38,493 [WARN] ModelIntegratedComponent:63 - No mode defined for component null
2023-05-12 15:18:38,493 [WARN] ModelIntegratedComponent:63 - No mode defined for component null
2023-05-12 15:18:38,493 [WARN] ModelIntegratedComponent:63 - No mode defined for component null
2023-05-12 15:18:38,493 [WARN] ModelIntegratedComponent:63 - No mode defined for component null
2023-05-12 15:18:38,493 [WARN] ModelIntegratedComponent:63 - No mode defined for component null
2023-05-12 15:18:38,493 [WARN] ModelIntegratedComponent:63 - No mode defined for component null
2023-05-12 15:18:38,493 [WARN] ModelIntegratedComponent:63 - No mode defined for component null
2023-05-12 15:18:38,493 [WARN] ModelIntegratedComponent:63 - No mode defined for component null
2023-05-12 15:18:38,493 [WARN] ModelIntegratedComponent:63 - No mode defined for component null
2023-05-12 15:18:38,493 [WARN] ModelIntegratedComponent:63 - No mode defined for component null
2023-05-12 15:18:38,493 [WARN] ModelIntegratedComponent:63 - No mode defined for component null
2023-05-12 15:18:38,493 [WARN] ModelIntegratedComponent:63 - No mode defined for component null
2023-05-12 15:18:38,493 [WARN] ModelIntegratedComponent:63 - No mode defined for component null
2023-05-12 15:18:38,493 [WARN] ModelIntegratedComponent:63 - No mode defined for component null
2023-05-12 15:18:38,493 [WARN] ModelIntegratedComponent:63 - No mode defined for component null
2023-05-12 15:18:38,493 [WARN] ModelIntegratedComponent:63 - No mode defined for component null
2023-05-12 15:18:38,493 [WARN] ModelIntegratedComponent:63 - No mode defined for component null
2023-05-12 15:18:38,493 [WARN] ModelIntegratedComponent:63 - No mode defined for component null
2023-05-12 15:18:38,493 [WARN] ModelIntegratedComponent:63 - No mode defined for component null
2023-05-12 15:18:38,493 [WARN] ModelIntegratedComponent:63 - No mode defined for component null
2023-05-12 15:18:38,493 [WARN] ModelIntegratedComponent:63 - No mode defined for component null
2023-05-12 15:18:38,493 [WARN] ModelIntegratedComponent:63 - No mode defined for component null
2023-05-12 15:18:38,493 [WARN] ModelIntegratedComponent:63 - No mode defined for component null
2023-05-12 15:18:38,493 [WARN] ModelIntegratedComponent:63 - No mode defined for component null
2023-05-12 15:18:38,493 [WARN] ModelIntegratedComponent:63 - No mode defined for component null
2023-05-12 15:18:38,632 [INFO] ThirdPartyModel:298 - Start build external matchings
2023-05-12 15:18:39,302 [INFO] ThirdPartyModel:316 - End build external matchings
2023-05-12 15:18:39,325 [INFO] ImportTextPane:194 - (OptionalMessage_ERROR) IP (RCC) : Parameter (48MHZClocksFreq_Value) has invalid value (84000000)
2023-05-12 15:18:39,325 [INFO] ImportTextPane:194 - (OptionalMessage_ERROR) IP (RCC) : Parameter (RTCHSEDivFreq_Value) has invalid value (12500000)
2023-05-12 15:18:39,780 [INFO] UtilMem:75 - End LoadConfig() Used Memory: 609883824 Bytes (833617920)
2023-05-12 15:18:40,084 [WARN] ThirdParty:833 - waiting for thirdparty lock release [change project]
2023-05-12 15:18:40,084 [INFO] ThirdParty:835 - entering critical section [change project]
2023-05-12 15:18:40,084 [INFO] ThirdParty:1030 - CMSIS Pack Vendor :STMicroelectronics X-CUBE-ISPU 1.1.0
2023-05-12 15:18:40,084 [INFO] ThirdParty:1030 - CMSIS Pack Vendor :RoweBots I-CUBE-UNISONRTOS 5.5.0-4
2023-05-12 15:18:40,084 [INFO] ThirdParty:1030 - CMSIS Pack Vendor :STMicroelectronics X-CUBE-GNSS1 6.0.0
2023-05-12 15:18:40,084 [INFO] ThirdParty:1030 - CMSIS Pack Vendor :STMicroelectronics USB_HOST 2.0.0
2023-05-12 15:18:40,084 [INFO] ThirdParty:1030 - CMSIS Pack Vendor :STMicroelectronics X-CUBE-AZRTOS-F4 1.1.0
2023-05-12 15:18:40,084 [INFO] ThirdParty:1030 - CMSIS Pack Vendor :STMicroelectronics LIBJPEG 8.0.0
2023-05-12 15:18:40,084 [INFO] ThirdParty:1030 - CMSIS Pack Vendor :STMicroelectronics X-CUBE-SMBUS 2.1.0
2023-05-12 15:18:40,084 [INFO] ThirdParty:1030 - CMSIS Pack Vendor :STMicroelectronics USB_DEVICE 3.0.0
2023-05-12 15:18:40,084 [INFO] ThirdParty:1030 - CMSIS Pack Vendor :STMicroelectronics X-CUBE-AI 8.0.0
2023-05-12 15:18:40,084 [INFO] ThirdParty:1030 - CMSIS Pack Vendor :STMicroelectronics X-CUBE-FREERTOS 1.0.0
2023-05-12 15:18:40,084 [INFO] ThirdParty:1030 - CMSIS Pack Vendor :STMicroelectronics X-CUBE-FREERTOS 1.0.1
2023-05-12 15:18:40,084 [INFO] ThirdParty:1030 - CMSIS Pack Vendor :STMicroelectronics X-CUBE-TOUCHGFX 4.21.1
2023-05-12 15:18:40,084 [INFO] ThirdParty:1030 - CMSIS Pack Vendor :STMicroelectronics X-CUBE-TOUCHGFX 4.21.3
2023-05-12 15:18:40,084 [INFO] ThirdParty:1030 - CMSIS Pack Vendor :STMicroelectronics X-CUBE-AZRTOS-F7 1.1.0
2023-05-12 15:18:40,084 [INFO] ThirdParty:1030 - CMSIS Pack Vendor :STMicroelectronics USB_DEVICE 2.0.0
2023-05-12 15:18:40,084 [INFO] ThirdParty:1030 - CMSIS Pack Vendor :STMicroelectronics X-CUBE-MEMS1 9.6.0
2023-05-12 15:18:40,084 [INFO] ThirdParty:1030 - CMSIS Pack Vendor :STMicroelectronics X-CUBE-ALGOBUILD 1.3.0
2023-05-12 15:18:40,084 [INFO] ThirdParty:1030 - CMSIS Pack Vendor :STMicroelectronics X-CUBE-BLE1 6.2.4
2023-05-12 15:18:40,084 [INFO] ThirdParty:1030 - CMSIS Pack Vendor :STMicroelectronics X-CUBE-AZRTOS-L5 1.1.0
2023-05-12 15:18:40,084 [INFO] ThirdParty:1030 - CMSIS Pack Vendor :STMicroelectronics FreeRTOS 0.0.1
2023-05-12 15:18:40,084 [INFO] ThirdParty:1030 - CMSIS Pack Vendor :emotas I-CUBE-CANOPEN 1.1.3
2023-05-12 15:18:40,084 [INFO] ThirdParty:1030 - CMSIS Pack Vendor :STMicroelectronics X-CUBE-AZRTOS-G0 1.1.0
2023-05-12 15:18:40,084 [INFO] ThirdParty:1030 - CMSIS Pack Vendor :STMicroelectronics X-CUBE-BLEMGR 2.0.0
2023-05-12 15:18:40,084 [INFO] ThirdParty:1030 - CMSIS Pack Vendor :STMicroelectronics X-CUBE-SUBG2 5.0.0
2023-05-12 15:18:40,084 [INFO] ThirdParty:1030 - CMSIS Pack Vendor :STMicroelectronics X-CUBE-NFC4 3.0.0
2023-05-12 15:18:40,084 [INFO] ThirdParty:1030 - CMSIS Pack Vendor :STMicroelectronics STM32_WPAN 1.0.0
2023-05-12 15:18:40,084 [INFO] ThirdParty:1030 - CMSIS Pack Vendor :STMicroelectronics lwIP 2.0.3
2023-05-12 15:18:40,084 [INFO] ThirdParty:1030 - CMSIS Pack Vendor :STMicroelectronics USB_HOST 1.0.0
2023-05-12 15:18:40,084 [INFO] ThirdParty:1030 - CMSIS Pack Vendor :STMicroelectronics X-CUBE-AZRTOS-G4 2.0.0
2023-05-12 15:18:40,084 [INFO] ThirdParty:1030 - CMSIS Pack Vendor :STMicroelectronics PDM2PCM 3.1.0
2023-05-12 15:18:40,084 [INFO] ThirdParty:1030 - CMSIS Pack Vendor :STMicroelectronics X-CUBE-AZRTOS-H7 3.1.0
2023-05-12 15:18:40,084 [INFO] ThirdParty:1030 - CMSIS Pack Vendor :STMicroelectronics X-CUBE-TOF1 3.3.0
2023-05-12 15:18:40,084 [INFO] ThirdParty:1030 - CMSIS Pack Vendor :STMicroelectronics FP-ATR-ASTRA1 1.1.1
2023-05-12 15:18:40,084 [INFO] ThirdParty:1030 - CMSIS Pack Vendor :STMicroelectronics PDM2PCM 3.3.0
2023-05-12 15:18:40,084 [INFO] ThirdParty:1030 - CMSIS Pack Vendor :STMicroelectronics X-CUBE-DISPLAY 3.0.0
2023-05-12 15:18:40,084 [INFO] ThirdParty:1030 - CMSIS Pack Vendor :STMicroelectronics X-CUBE-AZRTOS-G4 1.0.0
2023-05-12 15:18:40,084 [INFO] ThirdParty:1030 - CMSIS Pack Vendor :STMicroelectronics FP-ATR-SIGFOX1 3.2.0
2023-05-12 15:18:40,084 [INFO] ThirdParty:1030 - CMSIS Pack Vendor :wolfSSL I-CUBE-wolfSSL 5.5.4
2023-05-12 15:18:40,084 [INFO] ThirdParty:1030 - CMSIS Pack Vendor :STMicroelectronics X-CUBE-AZRTOS-L4 1.0.0
2023-05-12 15:18:40,084 [INFO] ThirdParty:1030 - CMSIS Pack Vendor :STMicroelectronics HAL Drivers 0.0.0
2023-05-12 15:18:40,084 [INFO] ThirdParty:1030 - CMSIS Pack Vendor :STMicroelectronics MBEDTLS 2.16.2
2023-05-12 15:18:40,084 [INFO] ThirdParty:1030 - CMSIS Pack Vendor :STMicroelectronics MBEDTLS 2.14.1
2023-05-12 15:18:40,084 [INFO] ThirdParty:1030 - CMSIS Pack Vendor :STMicroelectronics X-CUBE-NFC7 1.0.0
2023-05-12 15:18:40,084 [INFO] ThirdParty:1030 - CMSIS Pack Vendor :STMicroelectronics X-CUBE-AZRTOS-WL 1.0.0
2023-05-12 15:18:40,084 [INFO] ThirdParty:1030 - CMSIS Pack Vendor :STMicroelectronics X-CUBE-EEPRMA1 4.1.0
2023-05-12 15:18:40,084 [INFO] ThirdParty:1030 - CMSIS Pack Vendor :portGmbH I-Cube-SoM-uGOAL 1.1.0
2023-05-12 15:18:40,084 [INFO] ThirdParty:1030 - CMSIS Pack Vendor :STMicroelectronics X-CUBE-ALS 1.0.1
2023-05-12 15:18:40,084 [INFO] ThirdParty:1030 - CMSIS Pack Vendor :STMicroelectronics X-CUBE-MEMS1 9.5.0
2023-05-12 15:18:40,084 [INFO] ThirdParty:1030 - CMSIS Pack Vendor :STMicroelectronics ThreadX 1.0.0
2023-05-12 15:18:40,084 [INFO] ThirdParty:1030 - CMSIS Pack Vendor :STMicroelectronics X-CUBE-AZRTOS-WB 1.1.0
2023-05-12 15:18:40,084 [INFO] ThirdParty:1030 - CMSIS Pack Vendor :SEGGER I-CUBE-embOS 1.3.1
2023-05-12 15:18:40,084 [INFO] ThirdParty:1030 - CMSIS Pack Vendor :STMicroelectronics USB_DEVICE 1.0.0
2023-05-12 15:18:40,084 [INFO] ThirdParty:1030 - CMSIS Pack Vendor :STMicroelectronics ThreadX 0.0.2
2023-05-12 15:18:40,084 [INFO] ThirdParty:1030 - CMSIS Pack Vendor :WES I-CUBE-Cesium 1.3.0
2023-05-12 15:18:40,084 [INFO] ThirdParty:1030 - CMSIS Pack Vendor :STMicroelectronics FP-ATR-ASTRA1 2.0.0
2023-05-12 15:18:40,084 [INFO] ThirdParty:1030 - CMSIS Pack Vendor :STMicroelectronics lwIP 2.1.2
2023-05-12 15:18:40,084 [INFO] ThirdParty:1030 - CMSIS Pack Vendor :STMicroelectronics X-CUBE-SFXS2LP1 4.0.0
2023-05-12 15:18:40,084 [INFO] ThirdParty:1030 - CMSIS Pack Vendor :STMicroelectronics X-CUBE-BLE2 3.3.0
2023-05-12 15:18:40,084 [INFO] ThirdParty:1030 - CMSIS Pack Vendor :STMicroelectronics X-CUBE-TOF1 3.2.0
2023-05-12 15:18:40,088 [INFO] ThirdParty:1030 - CMSIS Pack Vendor :STMicroelectronics PDM2PCM 3.2.0
2023-05-12 15:18:40,088 [INFO] ThirdParty:1030 - CMSIS Pack Vendor :STMicroelectronics X-CUBE-AZRTOS-H7 3.0.0
2023-05-12 15:18:40,088 [INFO] ThirdParty:841 - exiting critical section [change project]
2023-05-12 15:18:40,361 [INFO] PinOutPanel:1499 - setPackage(No Configuration,No Configuration)
2023-05-12 15:18:40,365 [INFO] PinOutPanel:1499 - setPackage(STM32F407VGTx,LQFP100)
2023-05-12 15:18:40,868 [INFO] UtilMem:75 - Before build in PCC Used Memory: 455869784 Bytes (833617920)
2023-05-12 15:18:41,105 [INFO] UtilMem:75 - After build in PCC Used Memory: 500442472 Bytes (833617920)
2023-05-12 15:18:41,133 [INFO] IPUIPlugin:80 - create IPUIPlugin
2023-05-12 15:18:41,133 [INFO] IPUIPlugin:80 - create IPUIPlugin
2023-05-12 15:18:41,133 [INFO] IPUIPlugin:80 - create IPUIPlugin
2023-05-12 15:18:41,133 [INFO] IPUIPlugin:80 - create IPUIPlugin
2023-05-12 15:18:41,133 [INFO] IPUIPlugin:80 - create IPUIPlugin
2023-05-12 15:18:41,133 [INFO] IPUIPlugin:80 - create IPUIPlugin
2023-05-12 15:18:41,133 [INFO] IPUIPlugin:80 - create IPUIPlugin
2023-05-12 15:18:41,133 [INFO] IPUIPlugin:80 - create IPUIPlugin
2023-05-12 15:18:41,133 [INFO] IPUIPlugin:80 - create IPUIPlugin
2023-05-12 15:18:41,133 [INFO] IPUIPlugin:80 - create IPUIPlugin
2023-05-12 15:18:41,133 [INFO] IPUIPlugin:80 - create IPUIPlugin
2023-05-12 15:18:41,133 [INFO] IPUIPlugin:80 - create IPUIPlugin
2023-05-12 15:18:41,133 [INFO] IPUIPlugin:80 - create IPUIPlugin
2023-05-12 15:18:41,133 [INFO] IPUIPlugin:80 - create IPUIPlugin
2023-05-12 15:18:41,133 [INFO] IPUIPlugin:80 - create IPUIPlugin
2023-05-12 15:18:41,133 [INFO] IPUIPlugin:80 - create IPUIPlugin
2023-05-12 15:18:41,137 [INFO] IPUIPlugin:80 - create IPUIPlugin
2023-05-12 15:18:41,137 [INFO] IPUIPlugin:80 - create IPUIPlugin
2023-05-12 15:18:41,137 [INFO] IPUIPlugin:80 - create IPUIPlugin
2023-05-12 15:18:41,137 [INFO] IPUIPlugin:80 - create IPUIPlugin
2023-05-12 15:18:41,137 [INFO] IPUIPlugin:80 - create IPUIPlugin
2023-05-12 15:18:41,137 [INFO] IPUIPlugin:80 - create IPUIPlugin
2023-05-12 15:18:41,137 [INFO] IPUIPlugin:80 - create IPUIPlugin
2023-05-12 15:18:41,137 [INFO] IPUIPlugin:80 - create IPUIPlugin
2023-05-12 15:18:41,137 [INFO] IPUIPlugin:80 - create IPUIPlugin
2023-05-12 15:18:41,137 [INFO] IPUIPlugin:80 - create IPUIPlugin
2023-05-12 15:18:41,137 [INFO] IPUIPlugin:80 - create IPUIPlugin
2023-05-12 15:18:41,137 [INFO] IPUIPlugin:80 - create IPUIPlugin
2023-05-12 15:18:41,137 [INFO] IPUIPlugin:80 - create IPUIPlugin
2023-05-12 15:18:41,137 [INFO] IPUIPlugin:80 - create IPUIPlugin
2023-05-12 15:18:41,137 [INFO] IPUIPlugin:80 - create IPUIPlugin
2023-05-12 15:18:41,137 [INFO] IPUIPlugin:80 - create IPUIPlugin
2023-05-12 15:18:41,137 [INFO] IPUIPlugin:80 - create IPUIPlugin
2023-05-12 15:18:41,137 [INFO] IPUIPlugin:80 - create IPUIPlugin
2023-05-12 15:18:41,137 [INFO] IPUIPlugin:80 - create IPUIPlugin
2023-05-12 15:18:41,141 [INFO] IPUIPlugin:80 - create IPUIPlugin
2023-05-12 15:18:41,141 [INFO] IPUIPlugin:80 - create IPUIPlugin
2023-05-12 15:18:41,141 [INFO] IPUIPlugin:80 - create IPUIPlugin
2023-05-12 15:18:41,141 [INFO] IPUIPlugin:80 - create IPUIPlugin
2023-05-12 15:18:41,141 [INFO] IPUIPlugin:80 - create IPUIPlugin
2023-05-12 15:18:41,141 [INFO] IPUIPlugin:80 - create IPUIPlugin
2023-05-12 15:18:41,141 [INFO] IPUIPlugin:80 - create IPUIPlugin
2023-05-12 15:18:41,141 [INFO] IPUIPlugin:80 - create IPUIPlugin
2023-05-12 15:18:41,141 [INFO] IPUIPlugin:80 - create IPUIPlugin
2023-05-12 15:18:41,141 [INFO] IPUIPlugin:80 - create IPUIPlugin
2023-05-12 15:18:41,141 [INFO] IPUIPlugin:80 - create IPUIPlugin
2023-05-12 15:18:41,141 [INFO] IPUIPlugin:80 - create IPUIPlugin
2023-05-12 15:18:41,141 [INFO] IPUIPlugin:80 - create IPUIPlugin
2023-05-12 15:18:41,141 [INFO] IPUIPlugin:80 - create IPUIPlugin
2023-05-12 15:18:41,145 [INFO] IPUIPlugin:80 - create IPUIPlugin
2023-05-12 15:18:41,145 [INFO] IPUIPlugin:80 - create IPUIPlugin
2023-05-12 15:18:41,145 [INFO] IPUIPlugin:80 - create IPUIPlugin
2023-05-12 15:18:41,145 [INFO] IPUIPlugin:80 - create IPUIPlugin
2023-05-12 15:18:41,145 [INFO] IPUIPlugin:80 - create IPUIPlugin
2023-05-12 15:18:41,145 [INFO] IPUIPlugin:80 - create IPUIPlugin
2023-05-12 15:18:41,145 [INFO] IPUIPlugin:80 - create IPUIPlugin
2023-05-12 15:18:41,145 [INFO] IPUIPlugin:80 - create IPUIPlugin
2023-05-12 15:18:41,149 [INFO] IPUIPlugin:80 - create IPUIPlugin
2023-05-12 15:18:41,149 [INFO] ApiDbMcu:507 - Load IP Config File for PDM2PCM
2023-05-12 15:18:41,153 [WARN] IP:2113 - I2C_Coeff_DF not found: check if there is a RefParameter without a condition.
2023-05-12 15:18:41,153 [WARN] IP:2113 - Analog_Filter not found: check if there is a RefParameter without a condition.
2023-05-12 15:18:41,217 [INFO] CADModel:165 - CPN selected for project levelSTM32F407VGT6
2023-05-12 15:18:41,217 [INFO] CADModel:114 - Register for checkConnection events
2023-05-12 15:18:41,297 [INFO] OpenFileManager:328 - Restore cursor
2023-05-12 15:18:41,360 [WARN] IP:2113 - I2C_Coeff_DF not found: check if there is a RefParameter without a condition.
2023-05-12 15:18:41,360 [WARN] IP:2113 - Analog_Filter not found: check if there is a RefParameter without a condition.
2023-05-12 15:18:41,364 [WARN] IP:2113 - I2C_Coeff_DF not found: check if there is a RefParameter without a condition.
2023-05-12 15:18:41,364 [WARN] IP:2113 - Analog_Filter not found: check if there is a RefParameter without a condition.
2023-05-12 15:18:50,594 [WARN] IP:2113 - I2C_Coeff_DF not found: check if there is a RefParameter without a condition.
2023-05-12 15:18:50,594 [WARN] IP:2113 - Analog_Filter not found: check if there is a RefParameter without a condition.
2023-05-12 15:19:03,359 [INFO] UtilMem:75 - End SaveConfig() Used Memory: 533026752 Bytes (833617920)
2023-05-12 15:19:03,531 [INFO] UtilMem:75 - End SaveConfig() Used Memory: 557144000 Bytes (833617920)
2023-05-12 15:19:04,966 [INFO] UtilMem:75 - End SaveConfig() Used Memory: 671961024 Bytes (833617920)
2023-05-12 15:19:05,410 [INFO] BlockDiagram:2759 - set Specific Code input for plugin: SYS
2023-05-12 15:19:05,414 [INFO] BlockDiagram:2759 - set Specific Code input for plugin: RCC
2023-05-12 15:19:05,414 [INFO] BlockDiagram:2759 - set Specific Code input for plugin: I2C
2023-05-12 15:19:05,414 [INFO] BlockDiagram:2759 - set Specific Code input for plugin: NVIC
2023-05-12 15:19:05,414 [INFO] BlockDiagram:2759 - set Specific Code input for plugin: USART
2023-05-12 15:19:05,414 [INFO] BlockDiagram:2759 - set Specific Code input for plugin: GPIO
2023-05-12 15:19:05,414 [INFO] CodeGenerator:793 - code generatio: config db path: C:\ST\STM32CubeIDE_1.12.0\STM32CubeIDE\plugins\com.st.stm32cube.common.mx_6.8.1.202304191431\\db\
2023-05-12 15:19:05,418 [WARN] IP:2113 - I2C_Coeff_DF not found: check if there is a RefParameter without a condition.
2023-05-12 15:19:05,418 [WARN] IP:2113 - Analog_Filter not found: check if there is a RefParameter without a condition.
2023-05-12 15:19:05,732 [INFO] CodeEngine:255 - oldGeneratedFile, C:\Users\shume\STM32CubeIDE\workspace_1.12.0\SDK_Keyboard\MXTmpFiles\license.tmp_save
2023-05-12 15:19:05,852 [INFO] CodeEngine:279 - Generated code: C:\Users\shume\STM32CubeIDE\workspace_1.12.0\SDK_Keyboard\MXTmpFiles\license.tmp
2023-05-12 15:19:05,916 [INFO] CodeEngine:255 - oldGeneratedFile, C:\Users\shume\STM32CubeIDE\workspace_1.12.0\SDK_Keyboard\Src\gpio.c_save
2023-05-12 15:19:06,041 [INFO] CodeEngine:279 - Generated code: C:\Users\shume\STM32CubeIDE\workspace_1.12.0\SDK_Keyboard\Src\gpio.c
2023-05-12 15:19:06,053 [INFO] CodeEngine:255 - oldGeneratedFile, C:\Users\shume\STM32CubeIDE\workspace_1.12.0\SDK_Keyboard\Inc\gpio.h_save
2023-05-12 15:19:06,153 [INFO] CodeEngine:279 - Generated code: C:\Users\shume\STM32CubeIDE\workspace_1.12.0\SDK_Keyboard\Inc\gpio.h
2023-05-12 15:19:06,288 [INFO] CodeEngine:255 - oldGeneratedFile, C:\Users\shume\STM32CubeIDE\workspace_1.12.0\SDK_Keyboard\Src\i2c.c_save
2023-05-12 15:19:06,539 [INFO] CodeEngine:279 - Generated code: C:\Users\shume\STM32CubeIDE\workspace_1.12.0\SDK_Keyboard\Src\i2c.c
2023-05-12 15:19:06,551 [INFO] CodeEngine:255 - oldGeneratedFile, C:\Users\shume\STM32CubeIDE\workspace_1.12.0\SDK_Keyboard\Inc\i2c.h_save
2023-05-12 15:19:06,656 [INFO] CodeEngine:279 - Generated code: C:\Users\shume\STM32CubeIDE\workspace_1.12.0\SDK_Keyboard\Inc\i2c.h
2023-05-12 15:19:06,680 [INFO] CodeEngine:255 - oldGeneratedFile, C:\Users\shume\STM32CubeIDE\workspace_1.12.0\SDK_Keyboard\Src\usart.c_save
2023-05-12 15:19:06,824 [INFO] CodeEngine:279 - Generated code: C:\Users\shume\STM32CubeIDE\workspace_1.12.0\SDK_Keyboard\Src\usart.c
2023-05-12 15:19:06,836 [INFO] CodeEngine:255 - oldGeneratedFile, C:\Users\shume\STM32CubeIDE\workspace_1.12.0\SDK_Keyboard\Inc\usart.h_save
2023-05-12 15:19:06,940 [INFO] CodeEngine:279 - Generated code: C:\Users\shume\STM32CubeIDE\workspace_1.12.0\SDK_Keyboard\Inc\usart.h
2023-05-12 15:19:06,967 [INFO] CodeEngine:255 - oldGeneratedFile, C:\Users\shume\STM32CubeIDE\workspace_1.12.0\SDK_Keyboard\Src\stm32f4xx_it.c_save
2023-05-12 15:19:07,235 [INFO] CodeEngine:279 - Generated code: C:\Users\shume\STM32CubeIDE\workspace_1.12.0\SDK_Keyboard\Src\stm32f4xx_it.c
2023-05-12 15:19:07,252 [INFO] CodeEngine:255 - oldGeneratedFile, C:\Users\shume\STM32CubeIDE\workspace_1.12.0\SDK_Keyboard\Inc\stm32f4xx_it.h_save
2023-05-12 15:19:07,360 [INFO] CodeEngine:279 - Generated code: C:\Users\shume\STM32CubeIDE\workspace_1.12.0\SDK_Keyboard\Inc\stm32f4xx_it.h
2023-05-12 15:19:07,388 [INFO] CodeEngine:255 - oldGeneratedFile, C:\Users\shume\STM32CubeIDE\workspace_1.12.0\SDK_Keyboard\Src\stm32f4xx_hal_msp.c_save
2023-05-12 15:19:07,624 [INFO] CodeEngine:279 - Generated code: C:\Users\shume\STM32CubeIDE\workspace_1.12.0\SDK_Keyboard\Src\stm32f4xx_hal_msp.c
2023-05-12 15:19:07,636 [INFO] CodeEngine:255 - oldGeneratedFile, C:\Users\shume\STM32CubeIDE\workspace_1.12.0\SDK_Keyboard\MXTmpFiles\system.tmp_save
2023-05-12 15:19:07,768 [INFO] CodeEngine:279 - Generated code: C:\Users\shume\STM32CubeIDE\workspace_1.12.0\SDK_Keyboard\MXTmpFiles\system.tmp
2023-05-12 15:19:07,794 [INFO] CodeEngine:311 - oldGeneratedFile, C:\Users\shume\STM32CubeIDE\workspace_1.12.0\SDK_Keyboard\Inc\stm32f4xx_hal_conf.h_save
2023-05-12 15:19:07,995 [INFO] CodeEngine:335 - Generated code: C:\Users\shume\STM32CubeIDE\workspace_1.12.0\SDK_Keyboard\Inc\stm32f4xx_hal_conf.h
2023-05-12 15:19:08,039 [INFO] CodeEngine:255 - oldGeneratedFile, C:\Users\shume\STM32CubeIDE\workspace_1.12.0\SDK_Keyboard\Inc\main.h_save
2023-05-12 15:19:08,167 [INFO] CodeEngine:279 - Generated code: C:\Users\shume\STM32CubeIDE\workspace_1.12.0\SDK_Keyboard\Inc\main.h
2023-05-12 15:19:08,191 [INFO] CodeEngine:255 - oldGeneratedFile, C:\Users\shume\STM32CubeIDE\workspace_1.12.0\SDK_Keyboard\Src\main.c_save
2023-05-12 15:19:08,352 [INFO] CodeEngine:279 - Generated code: C:\Users\shume\STM32CubeIDE\workspace_1.12.0\SDK_Keyboard\Src\main.c
2023-05-12 15:19:09,639 [INFO] ProjectBuilder:2996 - Time for Copy HAL[1] : 403mS.
2023-05-12 15:19:09,652 [INFO] ProjectBuilder:4304 - Project Generator version: 3.19.2
2023-05-12 15:19:10,084 [INFO] ConfigFileManager:1483 - The Die is : DIE413
2023-05-12 15:19:10,093 [INFO] ApiDbMcu:507 - Load IP Config File for FATFS
2023-05-12 15:19:10,101 [INFO] ApiDbMcu:507 - Load IP Config File for FREERTOS
2023-05-12 15:19:10,105 [INFO] ApiDbMcu:507 - Load IP Config File for LIBJPEG
2023-05-12 15:19:10,113 [INFO] ApiDbMcu:507 - Load IP Config File for LWIP
2023-05-12 15:19:10,117 [INFO] ApiDbMcu:507 - Load IP Config File for MBEDTLS
2023-05-12 15:19:10,205 [INFO] ApiDbMcu:507 - Load IP Config File for USB_DEVICE
2023-05-12 15:19:10,213 [INFO] ApiDbMcu:507 - Load IP Config File for USB_HOST
2023-05-12 15:19:11,298 [ERROR] :60 - Project update internal error checking project compliancy: SDK_Keyboard
2023-05-12 15:19:11,298 [INFO] ProjectBuilder:4505 - Time for Generating toolchain IDE Files: 1646mS.
2023-05-12 15:19:11,298 [INFO] ProjectBuilder:2867 - Time for Copy CMSIS : 0mS.
2023-05-12 15:19:11,298 [INFO] ProjectBuilder:2867 - Time for Copy CMSIS : 0mS.
2023-05-12 15:19:18,087 [INFO] LogOutputStream:77 - [STDOUT_REDIRECT] 
2023-05-12 15:19:18,103 [INFO] LogOutputStream:77 - [STDOUT_REDIRECT] 
2023-05-12 15:19:18,119 [INFO] LogOutputStream:77 - [STDOUT_REDIRECT] 
2023-05-12 15:19:18,167 [INFO] LogOutputStream:77 - [STDOUT_REDIRECT] 
2023-05-12 15:19:18,183 [INFO] LogOutputStream:77 - [STDOUT_REDIRECT] 
2023-05-12 15:19:18,199 [INFO] LogOutputStream:77 - [STDOUT_REDIRECT] 
2023-05-12 15:19:18,215 [INFO] LogOutputStream:77 - [STDOUT_REDIRECT] 
2023-05-12 15:19:18,227 [INFO] LogOutputStream:77 - [STDOUT_REDIRECT] 
2023-05-12 15:19:18,243 [INFO] LogOutputStream:77 - [STDOUT_REDIRECT] 
2023-05-12 15:19:18,255 [INFO] LogOutputStream:77 - [STDOUT_REDIRECT] 
2023-05-12 15:19:18,271 [INFO] LogOutputStream:77 - [STDOUT_REDIRECT] 
2023-05-12 15:19:18,283 [INFO] LogOutputStream:77 - [STDOUT_REDIRECT] 
2023-05-12 15:19:18,295 [INFO] LogOutputStream:77 - [STDOUT_REDIRECT] 
2023-05-12 15:19:18,307 [INFO] LogOutputStream:77 - [STDOUT_REDIRECT] 
2023-05-12 15:19:18,319 [INFO] LogOutputStream:77 - [STDOUT_REDIRECT] 
2023-05-12 15:23:56,160 [INFO] Activator:176 - 


2023-05-12 15:23:56,164 [INFO] Activator:177 - !SESSION log4j initialized
2023-05-12 15:24:04,951 [INFO] LogOutputStream:77 - [STDOUT_REDIRECT] 
2023-05-12 15:24:29,338 [INFO] LogOutputStream:77 - [STDOUT_REDIRECT] 
2023-05-12 15:24:29,390 [INFO] LogOutputStream:77 - [STDOUT_REDIRECT] 
2023-05-12 15:24:29,422 [INFO] LogOutputStream:77 - [STDOUT_REDIRECT] 
2023-05-12 15:24:29,454 [INFO] LogOutputStream:77 - [STDOUT_REDIRECT] 
2023-05-12 15:24:29,483 [INFO] LogOutputStream:77 - [STDOUT_REDIRECT] 
2023-05-12 15:24:29,516 [INFO] LogOutputStream:77 - [STDOUT_REDIRECT] 
2023-05-12 15:24:29,544 [INFO] LogOutputStream:77 - [STDOUT_REDIRECT] 
2023-05-12 15:24:29,572 [INFO] LogOutputStream:77 - [STDOUT_REDIRECT] 
2023-05-12 15:24:29,592 [INFO] LogOutputStream:77 - [STDOUT_REDIRECT] 
2023-05-12 15:24:29,612 [INFO] LogOutputStream:77 - [STDOUT_REDIRECT] 
2023-05-12 15:24:29,636 [INFO] LogOutputStream:77 - [STDOUT_REDIRECT] 
2023-05-12 15:24:29,656 [INFO] LogOutputStream:77 - [STDOUT_REDIRECT] 
2023-05-12 15:24:29,676 [INFO] LogOutputStream:77 - [STDOUT_REDIRECT] 
2023-05-12 15:24:29,692 [INFO] LogOutputStream:77 - [STDOUT_REDIRECT] 
2023-05-12 15:24:29,712 [INFO] LogOutputStream:77 - [STDOUT_REDIRECT] 
2023-05-12 15:24:32,580 [ERROR] LogOutputStream:75 - [STDERR_REDIRECT] SLF4J: Failed to load class "org.slf4j.impl.StaticLoggerBinder".
2023-05-12 15:24:32,584 [ERROR] LogOutputStream:75 - [STDERR_REDIRECT] SLF4J: Defaulting to no-operation (NOP) logger implementation
2023-05-12 15:24:32,584 [ERROR] LogOutputStream:75 - [STDERR_REDIRECT] SLF4J: See http://www.slf4j.org/codes.html#StaticLoggerBinder for further details.
